[I 2026-04-29 21:30:09,429] Trial 93 finished with value: 0.6363636363636364 and parameters: {'blur_kernel': 5, 'min_value': 30, 'max_value': 130, 'closing_kernel': 29}. Best is trial 38 with value: 0.6363636363636364.
IoU scores: [0.5103358280749706, 0.1283085030930248, 0.9417258406114524, 0.10866232349019012, 0.07585727646794242, 0.6066629045221466, 0.41145470496450565, 0.6284429529414752, 0.9695952830841982, 0.6747220642941253, 0.7657934357121349, 0.5112756730622172, 0.1283085030930248, 0.942854052819895, 0.10866232349019012, 0.07585727646794242, 0.6084271419637274, 0.41145470496450565, 0.6289685066500198, 0.9734591361705579, 0.6725969554302068, 0.7748395968255617]
Accuracy: 0.64
[I 2026-04-29 21:30:17,432] Trial 94 finished with value: 0.45454545454545453 and parameters: {'blur_kernel': 5, 'min_value': 30, 'max_value': 130, 'closing_kernel': 27}. Best is trial 38 with value: 0.6363636363636364.
IoU scores: [0.4830675469781615, 0.1283085030930248, 0.9417258406114524, 0.10866232349019012, 0.07585727646794242, 0.22562893081761007, 0.41082587713771046, 0.6284429529414752, 0.5790659875166917, 0.6747220642941253, 0.7657934357121349, 0.4830675469781615, 0.1283085030930248, 0.942854052819895, 0.10866232349019012, 0.07585727646794242, 0.2263318246830855, 0.41082587713771046, 0.6289685066500198, 0.5814103842272856, 0.6725969554302068, 0.7748395968255617]
Accuracy: 0.45
[I 2026-04-29 21:30:25,344] Trial 95 finished with value: 0.6363636363636364 and parameters: {'blur_kernel': 3, 'min_value': 10, 'max_value': 130, 'closing_kernel': 29}. Best is trial 38 with value: 0.6363636363636364.
IoU scores: [0.5112756730622172, 0.12835096123435275, 0.940110855752332, 0.10859191267675515, 0.07585727646794242, 0.6066629045221466, 0.1928806622001692, 0.5973337040259007, 0.9705458290422245, 0.6747220642941253, 0.7732506643046945, 0.5112756730622172, 0.12835096123435275, 0.942854052819895, 0.10859191267675515, 0.07585727646794242, 0.6084271419637274, 0.1928806622001692, 0.5980434704530218, 0.9744172690365382, 0.673659509862166, 0.7735082573121157]
Accuracy: 0.64
[I 2026-04-29 21:30:33,282] Trial 96 finished with value: 0.45454545454545453 and parameters: {'blur_kernel': 5, 'min_value': 20, 'max_value': 120, 'closing_kernel': 29}. Best is trial 38 with value: 0.6363636363636364.
IoU scores: [0.4814755262079677, 0.12835427851332198, 0.9417258406114524, 0.10872237953219378, 0.07590120752200981, 0.6048986412207027, 0.41252992569101143, 0.49991501005124184, 0.9734396198792655, 0.673659509862166, 0.7732506643046945, 0.4814755262079677, 0.12835427851332198, 0.9472215945893021, 0.10872237953219378, 0.07590120752200981, 0.6084271419637274, 0.41252992569101143, 0.49991501005124184, 0.9773263124022985, 0.6729845003332461, 0.7716186252771619]
Accuracy: 0.45
[I 2026-04-29 21:30:41,377] Trial 97 finished with value: 0.36363636363636365 and parameters: {'blur_kernel': 7, 'min_value': 30, 'max_value': 130, 'closing_kernel': 27}. Best is trial 38 with value: 0.6363636363636364.
IoU scores: [0.4825284090909091, 0.1283085030930248, 0.9427078940074951, 0.10863536682348454, 0.07585727646794242, 0.22562893081761007, 0.41410637017580215, 0.4982236495926551, 0.5802381858719887, 0.6704718465662883, 0.7719640712023589, 0.4825284090909091, 0.1283085030930248, 0.9454586534116584, 0.10863536682348454, 0.07585727646794242, 0.2263318246830855, 0.41410637017580215, 0.498677501949469, 0.5814103842272856, 0.6753981385068448, 0.7751389632088762]
Accuracy: 0.36
[I 2026-04-29 21:30:49,364] Trial 98 finished with value: 0.5454545454545454 and parameters: {'blur_kernel': 5, 'min_value': 30, 'max_value': 140, 'closing_kernel': 31}. Best is trial 38 with value: 0.6363636363636364.
IoU scores: [0.8172530109929678, 0.16187479657155257, 0.942854052819895, 0.10854849327944337, 0.07590120752200981, 0.6092675109443402, 0.13874807057897764, 0.19666801398871764, 0.8380594786022102, 0.6711436620438096, 0.9169435044569165, 0.8178298445712002, 0.16187479657155257, 0.948340348062763, 0.10854849327944337, 0.07590120752200981, 0.6128007817271284, 0.13874807057897764, 0.19666801398871764, 0.8397324636182265, 0.6732709002753272, 0.9240363396374286]
Accuracy: 0.55
[I 2026-04-29 21:30:57,454] Trial 99 finished with value: 0.6363636363636364 and parameters: {'blur_kernel': 7, 'min_value': 10, 'max_value': 130, 'closing_kernel': 31}. Best is trial 38 with value: 0.6363636363636364.
IoU scores: [0.8169020099245592, 0.12835096123435275, 0.9427078940074951, 0.10863536682348454, 0.07585727646794242, 0.6066629045221466, 0.24410277820637327, 0.5006102626875295, 0.8388855860103733, 0.6704718465662883, 0.9163179916317992, 0.8184064335155805, 0.12835096123435275, 0.9454586534116584, 0.10863536682348454, 0.07585727646794242, 0.6101913535460135, 0.24410277820637327, 0.5006102626875295, 0.8405616363235678, 0.6725969554302068, 0.926984126984127]
Accuracy: 0.64
Максимальная точность: 0.6363636363636364
Оптимальное значение noise_range: {'blur_kernel': 5, 'min_value': 60, 'max_value': 170, 'closing_kernel': 33}