[I 2026-04-29 21:25:59,107] Trial 62 finished with value: 0.6363636363636364 and parameters: {'blur_kernel': 7, 'min_value': 40, 'max_value': 130, 'closing_kernel': 31}. Best is trial 38 with value: 0.6363636363636364.
IoU scores: [0.8169020099245592, 0.12835096123435275, 0.9427078940074951, 0.10863536682348454, 0.07585727646794242, 0.6066629045221466, 0.24410277820637327, 0.5006102626875295, 0.8388855860103733, 0.6704718465662883, 0.9163179916317992, 0.8184064335155805, 0.12835096123435275, 0.9454586534116584, 0.10863536682348454, 0.07585727646794242, 0.6101913535460135, 0.24410277820637327, 0.5006102626875295, 0.8405616363235678, 0.6725969554302068, 0.926984126984127]
Accuracy: 0.64
[I 2026-04-29 21:26:07,196] Trial 63 finished with value: 0.6363636363636364 and parameters: {'blur_kernel': 7, 'min_value': 30, 'max_value': 130, 'closing_kernel': 31}. Best is trial 38 with value: 0.6363636363636364.
IoU scores: [0.8169020099245592, 0.12835096123435275, 0.9427078940074951, 0.10863536682348454, 0.07585727646794242, 0.6066629045221466, 0.24410277820637327, 0.5006102626875295, 0.8388855860103733, 0.6704718465662883, 0.9163179916317992, 0.8184064335155805, 0.12835096123435275, 0.9454586534116584, 0.10863536682348454, 0.07585727646794242, 0.6101913535460135, 0.24410277820637327, 0.5006102626875295, 0.8405616363235678, 0.6725969554302068, 0.926984126984127]
Accuracy: 0.64
[I 2026-04-29 21:26:15,222] Trial 64 finished with value: 0.5 and parameters: {'blur_kernel': 7, 'min_value': 30, 'max_value': 140, 'closing_kernel': 31}. Best is trial 38 with value: 0.6363636363636364.
IoU scores: [0.8179038100822059, 0.11373144318806627, 0.9445699829847763, 0.10866232349019012, 0.07585727646794242, 0.6110341592829556, 0.22714604236343366, 0.19673898764948586, 0.8380594786022102, 0.677816035415642, 0.9180967137968881, 0.8184826201579852, 0.11373144318806627, 0.9445699829847763, 0.10866232349019012, 0.07585727646794242, 0.6122832539248614, 0.22714604236343366, 0.19673898764948586, 0.8397324636182265, 0.1897983915212449, 0.9187173443230056]
Accuracy: 0.50
[I 2026-04-29 21:26:23,097] Trial 65 finished with value: 0.5454545454545454 and parameters: {'blur_kernel': 3, 'min_value': 20, 'max_value': 110, 'closing_kernel': 29}. Best is trial 38 with value: 0.6363636363636364.
IoU scores: [0.47963574341861326, 0.12844257505393472, 0.942745467047881, 0.11076286482737163, 0.07590120752200981, 0.6054044538332893, 0.8530503978779841, 0.49961049875648994, 0.9734396198792655, 0.6729845003332461, 0.7729490022172949, 0.47963574341861326, 0.12844257505393472, 0.9454991811757893, 0.11076286482737163, 0.07590120752200981, 0.6089388753056235, 0.8539453914304959, 0.49961049875648994, 0.9753830201834206, 0.6740459900814058, 0.764720374476472]
Accuracy: 0.55
[I 2026-04-29 21:26:31,047] Trial 66 finished with value: 0.36363636363636365 and parameters: {'blur_kernel': 5, 'min_value': 30, 'max_value': 120, 'closing_kernel': 27}. Best is trial 38 with value: 0.6363636363636364.
IoU scores: [0.4812184650621012, 0.12835427851332198, 0.9417258406114524, 0.10872237953219378, 0.07590120752200981, 0.22492603695213464, 0.41252992569101143, 0.49419831287470994, 0.5747397296693071, 0.673659509862166, 0.7732506643046945, 0.4812184650621012, 0.12835427851332198, 0.9472215945893021, 0.10872237953219378, 0.07590120752200981, 0.22562893081761007, 0.41252992569101143, 0.494654462109783, 0.5770760700338166, 0.6729845003332461, 0.7716186252771619]
Accuracy: 0.36
[I 2026-04-29 21:26:39,144] Trial 67 finished with value: 0.5 and parameters: {'blur_kernel': 7, 'min_value': 40, 'max_value': 140, 'closing_kernel': 31}. Best is trial 38 with value: 0.6363636363636364.
IoU scores: [0.8179038100822059, 0.11373144318806627, 0.9445699829847763, 0.10866232349019012, 0.07585727646794242, 0.6110341592829556, 0.22714604236343366, 0.19673898764948586, 0.8380594786022102, 0.677816035415642, 0.9180967137968881, 0.8184826201579852, 0.11373144318806627, 0.9445699829847763, 0.10866232349019012, 0.07585727646794242, 0.6122832539248614, 0.22714604236343366, 0.19673898764948586, 0.8397324636182265, 0.1897983915212449, 0.9187173443230056]
Accuracy: 0.50
[I 2026-04-29 21:26:47,275] Trial 68 finished with value: 0.36363636363636365 and parameters: {'blur_kernel': 9, 'min_value': 40, 'max_value': 120, 'closing_kernel': 29}. Best is trial 38 with value: 0.6363636363636364.
IoU scores: [0.4806825870386467, 0.1283967518020425, 0.942745467047881, 0.1476445476362058, 0.07590120752200981, 0.22641509433962265, 0.06409231836511413, 0.49407734293345723, 0.9724583299398711, 0.6704718465662883, 0.7557800224466891, 0.4806825870386467, 0.1283967518020425, 0.9464851171627613, 0.1476445476362058, 0.07590120752200981, 0.22712043731264328, 0.06409231836511413, 0.49530970438461147, 0.9763411044260866, 0.673659509862166, 0.757351290684624]
Accuracy: 0.36
[I 2026-04-29 21:26:55,320] Trial 69 finished with value: 0.18181818181818182 and parameters: {'blur_kernel': 7, 'min_value': 30, 'max_value': 130, 'closing_kernel': 17}. Best is trial 38 with value: 0.6363636363636364.
IoU scores: [0.4820128872863248, 0.14666817883116248, 0.6714270341731872, 0.6824608158995147, 0.07585727646794242, 0.06710064852367797, 0.1340125178161988, 0.4389855479077034, 0.3392973134940665, 0.26534262589353586, 0.3120555144945389, 0.4820128872863248, 0.14666817883116248, 0.6714270341731872, 0.6824608158995147, 0.07585727646794242, 0.06710064852367797, 0.1346272541364566, 0.4389855479077034, 0.3392973134940665, 0.26580895739774246, 0.3120555144945389]
Accuracy: 0.18
[I 2026-04-29 21:27:03,318] Trial 70 finished with value: 0.36363636363636365 and parameters: {'blur_kernel': 5, 'min_value': 20, 'max_value': 140, 'closing_kernel': 35}. Best is trial 38 with value: 0.6363636363636364.
IoU scores: [0.8172530109929678, 0.16256070672651676, 0.942854052819895, 0.10854849327944337, 0.07590120752200981, 0.8007445514370722, 0.03428592845325398, 0.19339675627100777, 0.47539043537457953, 0.18968251948734913, 0.9169435044569165, 0.8178298445712002, 0.16256070672651676, 0.948340348062763, 0.10854849327944337, 0.07590120752200981, 0.8030006570960264, 0.03428592845325398, 0.19339675627100777, 0.47539043537457953, 0.18968251948734913, 0.9240363396374286]
Accuracy: 0.36
[I 2026-04-29 21:27:11,488] Trial 71 finished with value: 0.5454545454545454 and parameters: {'blur_kernel': 13, 'min_value': 40, 'max_value': 130, 'closing_kernel': 33}. Best is trial 38 with value: 0.6363636363636364.
IoU scores: [0.8179038100822059, 0.12835096123435275, 0.942854052819895, 0.10872237953219378, 0.07590120752200981, 0.6061549877466536, 0.06279613774340168, 0.5006623166364127, 0.8380594786022102, 0.19179010303720856, 0.9458980044345898, 0.8184826201579852, 0.12835096123435275, 0.945597216923174, 0.10872237953219378, 0.07590120752200981, 0.6079162679892992, 0.06279613774340168, 0.5006623166364127, 0.8397324636182265, 0.19179010303720856, 0.9458980044345898]
Accuracy: 0.55
[I 2026-04-29 21:27:19,656] Trial 72 finished with value: 0.5909090909090909 and parameters: {'blur_kernel': 9, 'min_value': 40, 'max_value': 130, 'closing_kernel': 31}. Best is trial 38 with value: 0.6363636363636364.
IoU scores: [0.8178298445712002, 0.1283085030930248, 0.940110855752332, 0.10863536682348454, 0.07590120752200981, 0.6066629045221466, 0.43051360900887453, 0.5008595785406661, 0.8388855860103733, 0.6732709002753272, 0.9144316565369197, 0.8184064335155805, 0.1283085030930248, 0.9454586534116584, 0.10863536682348454, 0.07590120752200981, 0.6101913535460135, 0.43051360900887453, 0.5006102626875295, 0.8405616363235678, 0.191435592680393, 0.9251125573124777]
Accuracy: 0.59
[I 2026-04-29 21:27:27,903] Trial 73 finished with value: 0.45454545454545453 and parameters: {'blur_kernel': 9, 'min_value': 40, 'max_value': 140, 'closing_kernel': 31}. Best is trial 38 with value: 0.6363636363636364.
IoU scores: [0.8179038100822059, 0.1134133132770507, 0.940813396125172, 0.10859191267675515, 0.07590120752200981, 0.6105196098532556, 0.42280490819027217, 0.19681001255477448, 0.8380594786022102, 0.18968251948734913, 0.9163179916317992, 0.8184826201579852, 0.1134133132770507, 0.9462764952922238, 0.10859191267675515, 0.07590120752200981, 0.6122832539248614, 0.42280490819027217, 0.19681001255477448, 0.8414053686899803, 0.18968251948734913, 0.9198750225940558]
Accuracy: 0.45
[I 2026-04-29 21:27:35,905] Trial 74 finished with value: 0.36363636363636365 and parameters: {'blur_kernel': 3, 'min_value': 30, 'max_value': 120, 'closing_kernel': 27}. Best is trial 38 with value: 0.6363636363636364.
IoU scores: [0.4812184650621012, 0.12835427851332198, 0.9417258406114524, 0.17370914756450265, 0.07590120752200981, 0.22562893081761007, 0.2536815533613424, 0.3427298585112073, 0.5790659875166917, 0.673659509862166, 0.7719220549158547, 0.4812184650621012, 0.12835427851332198, 0.9444737341571944, 0.17370914756450265, 0.07590120752200981, 0.2263318246830855, 0.2536815533613424, 0.34304712797922926, 0.5814103842272856, 0.6747220642941253, 0.7735082573121157]
Accuracy: 0.36
[I 2026-04-29 21:27:44,014] Trial 75 finished with value: 0.6363636363636364 and parameters: {'blur_kernel': 9, 'min_value': 30, 'max_value': 130, 'closing_kernel': 29}. Best is trial 38 with value: 0.6363636363636364.
IoU scores: [0.6902275382448381, 0.1283085030930248, 0.940110855752332, 0.10863536682348454, 0.07585727646794242, 0.6066629045221466, 0.43051360900887453, 0.5008595785406661, 0.9724816065434165, 0.6732709002753272, 0.7584134023158413, 0.6902275382448381, 0.1283085030930248, 0.9454586534116584, 0.10863536682348454, 0.07585727646794242, 0.6101913535460135, 0.43051360900887453, 0.5006102626875295, 0.9744172690365382, 0.6792682641182395, 0.7615668883961567]
Accuracy: 0.64
[I 2026-04-29 21:27:52,141] Trial 76 finished with value: 0.6363636363636364 and parameters: {'blur_kernel': 7, 'min_value': 30, 'max_value': 130, 'closing_kernel': 31}. Best is trial 38 with value: 0.6363636363636364.
IoU scores: [0.8169020099245592, 0.12835096123435275, 0.9427078940074951, 0.10863536682348454, 0.07585727646794242, 0.6066629045221466, 0.24410277820637327, 0.5006102626875295, 0.8388855860103733, 0.6704718465662883, 0.9163179916317992, 0.8184064335155805, 0.12835096123435275, 0.9454586534116584, 0.10863536682348454, 0.07585727646794242, 0.6101913535460135, 0.24410277820637327, 0.5006102626875295, 0.8405616363235678, 0.6725969554302068, 0.926984126984127]
Accuracy: 0.64
[I 2026-04-29 21:28:00,177] Trial 77 finished with value: 0.2727272727272727 and parameters: {'blur_kernel': 7, 'min_value': 30, 'max_value': 130, 'closing_kernel': 25}. Best is trial 38 with value: 0.6363636363636364.
IoU scores: [0.4822705104222341, 0.1283085030930248, 0.9427078940074951, 0.2635139671400449, 0.07585727646794242, 0.22562893081761007, 0.4168745562055813, 0.4982236495926551, 0.490514659528744, 0.6704718465662883, 0.7719640712023589, 0.4822705104222341, 0.1283085030930248, 0.9454586534116584, 0.2635139671400449, 0.07585727646794242, 0.2263318246830855, 0.4168745562055813, 0.498677501949469, 0.49250457701161926, 0.6753981385068448, 0.7751389632088762]
Accuracy: 0.27
[I 2026-04-29 21:28:08,235] Trial 78 finished with value: 0.5909090909090909 and parameters: {'blur_kernel': 9, 'min_value': 20, 'max_value': 130, 'closing_kernel': 31}. Best is trial 38 with value: 0.6363636363636364.
IoU scores: [0.8178298445712002, 0.1283085030930248, 0.940110855752332, 0.10863536682348454, 0.07585727646794242, 0.6066629045221466, 0.43051360900887453, 0.5008595785406661, 0.8388855860103733, 0.6732709002753272, 0.9144316565369197, 0.8184064335155805, 0.1283085030930248, 0.9454586534116584, 0.10863536682348454, 0.07585727646794242, 0.6101913535460135, 0.43051360900887453, 0.5006102626875295, 0.8405616363235678, 0.191435592680393, 0.9251125573124777]
Accuracy: 0.59
[I 2026-04-29 21:28:16,338] Trial 79 finished with value: 0.5909090909090909 and parameters: {'blur_kernel': 9, 'min_value': 20, 'max_value': 130, 'closing_kernel': 31}. Best is trial 38 with value: 0.6363636363636364.
IoU scores: [0.8178298445712002, 0.1283085030930248, 0.940110855752332, 0.10863536682348454, 0.07585727646794242, 0.6066629045221466, 0.43051360900887453, 0.5008595785406661, 0.8388855860103733, 0.6732709002753272, 0.9144316565369197, 0.8184064335155805, 0.1283085030930248, 0.9454586534116584, 0.10863536682348454, 0.07585727646794242, 0.6101913535460135, 0.43051360900887453, 0.5006102626875295, 0.8405616363235678, 0.191435592680393, 0.9251125573124777]
Accuracy: 0.59
[I 2026-04-29 21:28:24,451] Trial 80 finished with value: 0.5909090909090909 and parameters: {'blur_kernel': 9, 'min_value': 20, 'max_value': 130, 'closing_kernel': 31}. Best is trial 38 with value: 0.6363636363636364.
IoU scores: [0.8178298445712002, 0.1283085030930248, 0.940110855752332, 0.10863536682348454, 0.07585727646794242, 0.6066629045221466, 0.43051360900887453, 0.5008595785406661, 0.8388855860103733, 0.6732709002753272, 0.9144316565369197, 0.8184064335155805, 0.1283085030930248, 0.9454586534116584, 0.10863536682348454, 0.07585727646794242, 0.6101913535460135, 0.43051360900887453, 0.5006102626875295, 0.8405616363235678, 0.191435592680393, 0.9251125573124777]
Accuracy: 0.59
[I 2026-04-29 21:28:32,619] Trial 81 finished with value: 0.5909090909090909 and parameters: {'blur_kernel': 9, 'min_value': 20, 'max_value': 130, 'closing_kernel': 31}. Best is trial 38 with value: 0.6363636363636364.
IoU scores: [0.8178298445712002, 0.1283085030930248, 0.940110855752332, 0.10863536682348454, 0.07585727646794242, 0.6066629045221466, 0.43051360900887453, 0.5008595785406661, 0.8388855860103733, 0.6732709002753272, 0.9144316565369197, 0.8184064335155805, 0.1283085030930248, 0.9454586534116584, 0.10863536682348454, 0.07585727646794242, 0.6101913535460135, 0.43051360900887453, 0.5006102626875295, 0.8405616363235678, 0.191435592680393, 0.9251125573124777]
Accuracy: 0.59
[I 2026-04-29 21:28:40,711] Trial 82 finished with value: 0.6363636363636364 and parameters: {'blur_kernel': 7, 'min_value': 10, 'max_value': 130, 'closing_kernel': 31}. Best is trial 38 with value: 0.6363636363636364.
IoU scores: [0.8169020099245592, 0.12835096123435275, 0.9427078940074951, 0.10863536682348454, 0.07585727646794242, 0.6066629045221466, 0.24410277820637327, 0.5006102626875295, 0.8388855860103733, 0.6704718465662883, 0.9163179916317992, 0.8184064335155805, 0.12835096123435275, 0.9454586534116584, 0.10863536682348454, 0.07585727646794242, 0.6101913535460135, 0.24410277820637327, 0.5006102626875295, 0.8405616363235678, 0.6725969554302068, 0.926984126984127]
Accuracy: 0.64
[I 2026-04-29 21:28:48,753] Trial 83 finished with value: 0.6363636363636364 and parameters: {'blur_kernel': 7, 'min_value': 10, 'max_value': 130, 'closing_kernel': 29}. Best is trial 38 with value: 0.6363636363636364.
IoU scores: [0.5110036693287286, 0.1283085030930248, 0.9427078940074951, 0.10863536682348454, 0.07585727646794242, 0.6066629045221466, 0.41410637017580215, 0.5006102626875295, 0.9724816065434165, 0.6704718465662883, 0.7719640712023589, 0.5119447442262033, 0.1283085030930248, 0.9454586534116584, 0.10863536682348454, 0.07585727646794242, 0.6101913535460135, 0.41410637017580215, 0.5006102626875295, 0.9744172690365382, 0.6753981385068448, 0.7751389632088762]
Accuracy: 0.64
[I 2026-04-29 21:28:56,858] Trial 84 finished with value: 0.36363636363636365 and parameters: {'blur_kernel': 7, 'min_value': 10, 'max_value': 120, 'closing_kernel': 29}. Best is trial 38 with value: 0.6363636363636364.
IoU scores: [0.4812184650621012, 0.12835427851332198, 0.942745467047881, 0.1087659381778397, 0.07590120752200981, 0.43851008157611204, 0.4296763562870761, 0.4926516249223763, 0.9734396198792655, 0.6719230105850863, 0.7599901453559991, 0.4812184650621012, 0.12835427851332198, 0.9454991811757893, 0.1087659381778397, 0.07590120752200981, 0.4406397044811563, 0.4296763562870761, 0.4949822957854184, 0.9773263124022985, 0.6757846187260845, 0.7615668883961567]
Accuracy: 0.36
[I 2026-04-29 21:29:04,860] Trial 85 finished with value: 0.45454545454545453 and parameters: {'blur_kernel': 5, 'min_value': 10, 'max_value': 130, 'closing_kernel': 27}. Best is trial 38 with value: 0.6363636363636364.
IoU scores: [0.4830675469781615, 0.1283085030930248, 0.9417258406114524, 0.10866232349019012, 0.07585727646794242, 0.22562893081761007, 0.41082587713771046, 0.6284429529414752, 0.5790659875166917, 0.6747220642941253, 0.7657934357121349, 0.4830675469781615, 0.1283085030930248, 0.942854052819895, 0.10866232349019012, 0.07585727646794242, 0.2263318246830855, 0.41082587713771046, 0.6289685066500198, 0.5814103842272856, 0.6725969554302068, 0.7748395968255617]
Accuracy: 0.45
[I 2026-04-29 21:29:13,078] Trial 86 finished with value: 0.6363636363636364 and parameters: {'blur_kernel': 7, 'min_value': 10, 'max_value': 130, 'closing_kernel': 29}. Best is trial 38 with value: 0.6363636363636364.
IoU scores: [0.5110036693287286, 0.1283085030930248, 0.9427078940074951, 0.10863536682348454, 0.07585727646794242, 0.6066629045221466, 0.41410637017580215, 0.5006102626875295, 0.9724816065434165, 0.6704718465662883, 0.7719640712023589, 0.5119447442262033, 0.1283085030930248, 0.9454586534116584, 0.10863536682348454, 0.07585727646794242, 0.6101913535460135, 0.41410637017580215, 0.5006102626875295, 0.9744172690365382, 0.6753981385068448, 0.7751389632088762]
Accuracy: 0.64
[I 2026-04-29 21:29:21,055] Trial 87 finished with value: 0.09090909090909091 and parameters: {'blur_kernel': 5, 'min_value': 10, 'max_value': 140, 'closing_kernel': 11}. Best is trial 38 with value: 0.6363636363636364.
IoU scores: [0.4833494153672503, 0.1283052033159091, 0.43625520179566296, 0.6839183238545183, 0.07585727646794242, 0.06775211113070397, 0.12849972113775796, 0.22374240489097044, 0.1128317573432004, 0.21090321385451735, 0.18378089841504475, 0.4833494153672503, 0.1283052033159091, 0.43625520179566296, 0.6839183238545183, 0.07585727646794242, 0.06775211113070397, 0.12849972113775796, 0.22374240489097044, 0.1128317573432004, 0.21128117660336057, 0.1832142563849881]
Accuracy: 0.09
[I 2026-04-29 21:29:28,943] Trial 88 finished with value: 0.45454545454545453 and parameters: {'blur_kernel': 3, 'min_value': 10, 'max_value': 120, 'closing_kernel': 29}. Best is trial 38 with value: 0.6363636363636364.
IoU scores: [0.4817328621385973, 0.1283967518020425, 0.9417258406114524, 0.10863536682348454, 0.07590120752200981, 0.607171673211116, 0.2536815533613424, 0.49991501005124184, 0.9705458290422245, 0.673659509862166, 0.7719220549158547, 0.4817328621385973, 0.1283967518020425, 0.9444737341571944, 0.10863536682348454, 0.07590120752200981, 0.6084271419637274, 0.2536815533613424, 0.49991501005124184, 0.9744172690365382, 0.6747220642941253, 0.7735082573121157]
Accuracy: 0.45
[I 2026-04-29 21:29:37,046] Trial 89 finished with value: 0.45454545454545453 and parameters: {'blur_kernel': 7, 'min_value': 10, 'max_value': 140, 'closing_kernel': 33}. Best is trial 38 with value: 0.6363636363636364.
IoU scores: [0.8179038100822059, 0.11373144318806627, 0.9445699829847763, 0.10866232349019012, 0.07585727646794242, 0.6110341592829556, 0.29540321088025007, 0.1954168170335619, 0.8380594786022102, 0.1897983915212449, 0.9180967137968881, 0.8184826201579852, 0.11373144318806627, 0.9445699829847763, 0.10866232349019012, 0.07585727646794242, 0.6122832539248614, 0.29540321088025007, 0.1954168170335619, 0.8397324636182265, 0.1897983915212449, 0.9187173443230056]
Accuracy: 0.45
[I 2026-04-29 21:29:45,067] Trial 90 finished with value: 0.36363636363636365 and parameters: {'blur_kernel': 7, 'min_value': 10, 'max_value': 120, 'closing_kernel': 29}. Best is trial 38 with value: 0.6363636363636364.
IoU scores: [0.4812184650621012, 0.12835427851332198, 0.942745467047881, 0.1087659381778397, 0.07590120752200981, 0.43851008157611204, 0.4296763562870761, 0.4926516249223763, 0.9734396198792655, 0.6719230105850863, 0.7599901453559991, 0.4812184650621012, 0.12835427851332198, 0.9454991811757893, 0.1087659381778397, 0.07590120752200981, 0.4406397044811563, 0.4296763562870761, 0.4949822957854184, 0.9773263124022985, 0.6757846187260845, 0.7615668883961567]
Accuracy: 0.36
[I 2026-04-29 21:29:53,159] Trial 91 finished with value: 0.6363636363636364 and parameters: {'blur_kernel': 7, 'min_value': 20, 'max_value': 130, 'closing_kernel': 31}. Best is trial 38 with value: 0.6363636363636364.
IoU scores: [0.8169020099245592, 0.12835096123435275, 0.9427078940074951, 0.10863536682348454, 0.07585727646794242, 0.6066629045221466, 0.24410277820637327, 0.5006102626875295, 0.8388855860103733, 0.6704718465662883, 0.9163179916317992, 0.8184064335155805, 0.12835096123435275, 0.9454586534116584, 0.10863536682348454, 0.07585727646794242, 0.6101913535460135, 0.24410277820637327, 0.5006102626875295, 0.8405616363235678, 0.6725969554302068, 0.926984126984127]
Accuracy: 0.64
[I 2026-04-29 21:30:01,385] Trial 92 finished with value: 0.45454545454545453 and parameters: {'blur_kernel': 7, 'min_value': 20, 'max_value': 140, 'closing_kernel': 33}. Best is trial 38 with value: 0.6363636363636364.
IoU scores: [0.8179038100822059, 0.11373144318806627, 0.9445699829847763, 0.10866232349019012, 0.07585727646794242, 0.6110341592829556, 0.29540321088025007, 0.1954168170335619, 0.8380594786022102, 0.1897983915212449, 0.9180967137968881, 0.8184826201579852, 0.11373144318806627, 0.9445699829847763, 0.10866232349019012, 0.07585727646794242, 0.6122832539248614, 0.29540321088025007, 0.1954168170335619, 0.8397324636182265, 0.1897983915212449, 0.9187173443230056]
Accuracy: 0.45
