[I 2026-04-29 21:17:26,478] A new study created in memory with name: no-name-0fc1ea2f-1c07-4275-b538-9ad3d81531d6
[I 2026-04-29 21:17:34,856] Trial 0 finished with value: 0.09090909090909091 and parameters: {'blur_kernel': 17, 'min_value': 30, 'max_value': 110, 'closing_kernel': 17}. Best is trial 0 with value: 0.09090909090909091.
IoU scores: [0.47415975208375855, 0.1600240349006787, 0.23457842310910018, 0.6810740908915314, 0.07590120752200981, 0.030417915711514722, 0.4066406395240751, 0.12217034521788342, 0.10923447862556968, 0.2074057275729681, 0.06637650214885987, 0.47415975208375855, 0.1600240349006787, 0.23441903282774515, 0.6810740908915314, 0.07590120752200981, 0.030417915711514722, 0.40936977133296154, 0.12217034521788342, 0.10923447862556968, 0.20815313560025808, 0.06637650214885987]
Accuracy: 0.09
[I 2026-04-29 21:17:43,216] Trial 1 finished with value: 0.09090909090909091 and parameters: {'blur_kernel': 19, 'min_value': 50, 'max_value': 150, 'closing_kernel': 5}. Best is trial 0 with value: 0.09090909090909091.
IoU scores: [0.48440848715141904, 0.12817137252327807, 0.1806973855881172, 0.6866624865639556, 0.07590120752200981, 0.06723779854620976, 0.10102249488752556, 0.2235754333176653, 0.11295565818945866, 0.2185306085945535, 0.16092086173386985, 0.48440848715141904, 0.12817137252327807, 0.24193548387096775, 0.6866624865639556, 0.07590120752200981, 0.06723779854620976, 0.10125797855859206, 0.2235754333176653, 0.11295565818945866, 0.2185306085945535, 0.16092086173386985]
Accuracy: 0.09
[I 2026-04-29 21:17:51,663] Trial 2 finished with value: 0.45454545454545453 and parameters: {'blur_kernel': 25, 'min_value': 60, 'max_value': 160, 'closing_kernel': 31}. Best is trial 2 with value: 0.45454545454545453.
IoU scores: [0.8235261403574524, 0.16432668133249528, 0.919370340167754, 0.09142893283632238, 0.07585727646794242, 0.8179896493913551, 0.24029745305818925, 0.18676555771197867, 0.8322870453275527, 0.11548809898832363, 0.9651802578631847, 0.8241160273843225, 0.16432668133249528, 0.9144274888765295, 0.09142893283632238, 0.07585727646794242, 0.8179896493913551, 0.23805168246886038, 0.18676555771197867, 0.8308690845427754, 0.11548809898832363, 0.9671785606744956]
Accuracy: 0.45
[I 2026-04-29 21:18:00,064] Trial 3 finished with value: 0.5454545454545454 and parameters: {'blur_kernel': 13, 'min_value': 70, 'max_value': 170, 'closing_kernel': 29}. Best is trial 3 with value: 0.5454545454545454.
IoU scores: [0.8198138636016884, 0.24097513253880543, 0.9298917446056411, 0.07918990797085203, 0.11267180527383368, 0.6194584698681962, 0.03609935046151419, 0.14754526579552155, 0.8354565671427243, 0.7827957321628207, 0.9312105082153178, 0.8213153541943655, 0.24230281921945998, 0.9273648648648649, 0.07918990797085203, 0.09169655172413793, 0.6194584698681962, 0.03609935046151419, 0.14754526579552155, 0.8340319925716456, 0.7827957321628207, 0.9349489795918368]
Accuracy: 0.55
[I 2026-04-29 21:18:08,546] Trial 4 finished with value: 0.36363636363636365 and parameters: {'blur_kernel': 35, 'min_value': 70, 'max_value': 160, 'closing_kernel': 31}. Best is trial 3 with value: 0.5454545454545454.
IoU scores: [0.939444963769626, 0.16406006290845088, 0.9139456511039439, 0.09283099230944139, 0.08642755269708194, 0.19836735484370763, 0.3480002478775485, 0.1874039288325026, 0.748090810354396, 0.1173957420129934, 0.9472831293969506, 0.9411483116846001, 0.16406006290845088, 0.9090712742980561, 0.09283099230944139, 0.08642755269708194, 0.19779062504539313, 0.3487984135836897, 0.1874039288325026, 0.7452023346502893, 0.1173957420129934, 0.9492732200049273]
Accuracy: 0.36
[I 2026-04-29 21:18:16,994] Trial 5 finished with value: 0.22727272727272727 and parameters: {'blur_kernel': 21, 'min_value': 50, 'max_value': 120, 'closing_kernel': 31}. Best is trial 3 with value: 0.5454545454545454.
IoU scores: [0.8150232819935527, 0.12835427851332198, 0.5388940169505748, 0.2660108543463235, 0.07585727646794242, 0.16626991124434257, 0.1470979736010411, 0.4945074773370287, 0.42655781887310046, 0.682760426980791, 0.2864361774930881, 0.8150232819935527, 0.12835427851332198, 0.5360800672415403, 0.2660108543463235, 0.07585727646794242, 0.16626991124434257, 0.1470979736010411, 0.49540752501924556, 0.4274301252511641, 0.1575199681446607, 0.2864361774930881]
Accuracy: 0.23
[I 2026-04-29 21:18:25,375] Trial 6 finished with value: 0.09090909090909091 and parameters: {'blur_kernel': 21, 'min_value': 20, 'max_value': 140, 'closing_kernel': 11}. Best is trial 3 with value: 0.5454545454545454.
IoU scores: [0.4812184650621012, 0.1282594780118051, 0.35731286612808894, 0.7030334768017003, 0.07585727646794242, 0.06495033209898313, 0.08574580157402244, 0.22383119155957798, 0.11451800739222645, 0.26842807954465603, 0.1574252005146314, 0.4812184650621012, 0.1282594780118051, 0.35837000478527264, 0.7030334768017003, 0.07585727646794242, 0.06495033209898313, 0.08574580157402244, 0.22383119155957798, 0.11451800739222645, 0.26950766891740824, 0.1574252005146314]
Accuracy: 0.09
[I 2026-04-29 21:18:33,440] Trial 7 finished with value: 0.09090909090909091 and parameters: {'blur_kernel': 13, 'min_value': 30, 'max_value': 130, 'closing_kernel': 9}. Best is trial 3 with value: 0.5454545454545454.
IoU scores: [0.48096167826110753, 0.14684777251952716, 0.17393816815949148, 0.6820313306805823, 0.07590120752200981, 0.033229491173416406, 0.0753051992315796, 0.21606912862102595, 0.11174356437413949, 0.163088264416351, 0.11696367468725193, 0.48096167826110753, 0.14684777251952716, 0.17444380236925744, 0.6820313306805823, 0.07590120752200981, 0.033229491173416406, 0.05762409369771333, 0.21606912862102595, 0.11174356437413949, 0.1636759698737072, 0.11965180257863185]
Accuracy: 0.09
[I 2026-04-29 21:18:41,317] Trial 8 finished with value: 0.18181818181818182 and parameters: {'blur_kernel': 3, 'min_value': 10, 'max_value': 150, 'closing_kernel': 17}. Best is trial 3 with value: 0.5454545454545454.
IoU scores: [0.4852111560288455, 0.08925255337951911, 0.7785478118562392, 0.6843497049865179, 0.07590120752200981, 0.10704559258606164, 0.1420967434101239, 0.1975684490529059, 0.3642571468212556, 0.26702269692923897, 0.3186334893651967, 0.4852111560288455, 0.08925255337951911, 0.776790160718328, 0.6843497049865179, 0.07590120752200981, 0.10704559258606164, 0.1424058014037022, 0.1975684490529059, 0.3642571468212556, 0.26702269692923897, 0.31929046563192903]
Accuracy: 0.18
[I 2026-04-29 21:18:49,400] Trial 9 finished with value: 0.5454545454545454 and parameters: {'blur_kernel': 13, 'min_value': 30, 'max_value': 130, 'closing_kernel': 33}. Best is trial 3 with value: 0.5454545454545454.
IoU scores: [0.8179038100822059, 0.12835096123435275, 0.942854052819895, 0.10872237953219378, 0.07585727646794242, 0.6061549877466536, 0.06279613774340168, 0.5006623166364127, 0.8380594786022102, 0.19179010303720856, 0.9458980044345898, 0.8184826201579852, 0.12835096123435275, 0.945597216923174, 0.10872237953219378, 0.07585727646794242, 0.6079162679892992, 0.06279613774340168, 0.5006623166364127, 0.8397324636182265, 0.19179010303720856, 0.9458980044345898]
Accuracy: 0.55
[I 2026-04-29 21:18:57,408] Trial 10 finished with value: 0.09090909090909091 and parameters: {'blur_kernel': 3, 'min_value': 80, 'max_value': 90, 'closing_kernel': 23}. Best is trial 3 with value: 0.5454545454545454.
IoU scores: [0.13132652318663926, 0.007282048830182989, 0.7802105689783813, 0.4116362905326066, 0, 0.13688551891690667, 0.3540806841420338, 0.13161617966818576, 0.390456814792903, 0.28472838851589466, 0.3324136703453186, 0.13132652318663926, 0.007282048830182989, 0.7802105689783813, 0.4116362905326066, 0, 0.13688551891690667, 0.3540806841420338, 0.13161617966818576, 0.4267768774811028, 0.28472838851589466, 0.3324136703453186]
Accuracy: 0.09
[I 2026-04-29 21:19:05,500] Trial 11 finished with value: 0.45454545454545453 and parameters: {'blur_kernel': 9, 'min_value': 40, 'max_value': 170, 'closing_kernel': 35}. Best is trial 3 with value: 0.5454545454545454.
IoU scores: [0.9390725707611783, 0.27499664400527396, 0.9380292990223754, 0.09838664724709606, 0.22491304935767412, 0.8173484977083687, 0.03512024961216447, 0.14534135878996923, 0.47282217422606193, 0.7296777931382615, 0.9289411837387157, 0.9407911179467461, 0.27573588229561075, 0.9354663774403471, 0.09838664724709606, 0.22298742393509127, 0.8188370466156488, 0.03512024961216447, 0.14534135878996923, 0.47282217422606193, 0.7306357652106248, 0.9271690943635212]
Accuracy: 0.45
[I 2026-04-29 21:19:13,544] Trial 12 finished with value: 0.2727272727272727 and parameters: {'blur_kernel': 11, 'min_value': 70, 'max_value': 100, 'closing_kernel': 25}. Best is trial 3 with value: 0.5454545454545454.
IoU scores: [0.13156937782472425, 0.15931489172555724, 0.8862947406866326, 0.6171635799736865, 0.08630558324647922, 0.19019451183905434, 0.46085393815455167, 0.13389293479879666, 0.4915183713343263, 0.6384993920655504, 0.2965809860118803, 0.13156937782472425, 0.15931489172555724, 0.8915236182128075, 0.6171635799736865, 0.08630558324647922, 0.19019451183905434, 0.4629113218070273, 0.13734250737199535, 0.49202782429887026, 0.6405393262255042, 0.2965809860118803]
Accuracy: 0.27
[I 2026-04-29 21:19:21,753] Trial 13 finished with value: 0.22727272727272727 and parameters: {'blur_kernel': 27, 'min_value': 40, 'max_value': 130, 'closing_kernel': 35}. Best is trial 3 with value: 0.5454545454545454.
IoU scores: [0.8125024330426658, 0.12826276031117345, 0.6888593245641731, 0.15283346196929923, 0.07585727646794242, 0.17778806402946767, 0.149425543781372, 0.4958584231249584, 0.5085349997902948, 0.18069984670508274, 0.28897101092223043, 0.8139987542821551, 0.12826276031117345, 0.6990005608628093, 0.15283346196929923, 0.07585727646794242, 0.17722721840161446, 0.149425543781372, 0.4972104349994784, 0.41586858488266937, 0.18069984670508274, 0.28897101092223043]
Accuracy: 0.23
[I 2026-04-29 21:19:29,862] Trial 14 finished with value: 0.2727272727272727 and parameters: {'blur_kernel': 7, 'min_value': 80, 'max_value': 120, 'closing_kernel': 25}. Best is trial 3 with value: 0.5454545454545454.
IoU scores: [0.4812184650621012, 0.11051940582428771, 0.942745467047881, 0.2719741153203175, 0.09084393388065237, 0.1938323734531537, 0.10209651523699839, 0.2041898802499291, 0.48852877021891106, 0.6428986655253256, 0.7599901453559991, 0.4812184650621012, 0.11051940582428771, 0.9454991811757893, 0.2719741153203175, 0.09084393388065237, 0.1938323734531537, 0.10209651523699839, 0.2043822864294026, 0.49150961827018164, 0.645614673897999, 0.7615668883961567]
Accuracy: 0.27
[I 2026-04-29 21:19:38,067] Trial 15 finished with value: 0.36363636363636365 and parameters: {'blur_kernel': 15, 'min_value': 10, 'max_value': 140, 'closing_kernel': 27}. Best is trial 3 with value: 0.5454545454545454.
IoU scores: [0.6919410564875328, 0.1283052033159091, 0.9382286821241943, 0.15000321267357147, 0.07585727646794242, 0.4420506016044411, 0.3686137448100638, 0.22241894598938852, 0.5574346982797687, 0.1900305608075094, 0.7342296777862224, 0.6919410564875328, 0.1283052033159091, 0.9436768345908716, 0.15000321267357147, 0.07585727646794242, 0.4433647485804601, 0.36942926194459935, 0.22241894598938852, 0.5595595595595596, 0.1900305608075094, 0.7342296777862224]
Accuracy: 0.36
[I 2026-04-29 21:19:46,108] Trial 16 finished with value: 0.2727272727272727 and parameters: {'blur_kernel': 7, 'min_value': 60, 'max_value': 170, 'closing_kernel': 19}. Best is trial 3 with value: 0.5454545454545454.
IoU scores: [0.487893278361664, 0.11125720159690182, 0.9390477890321717, 0.24406553308975873, 0.07585727646794242, 0.19705478049779182, 0.09010324021170056, 0.14750443976735456, 0.3984891009730094, 0.7782005371530887, 0.5953349054220765, 0.487893278361664, 0.11125720159690182, 0.9339303623889446, 0.24406553308975873, 0.07585727646794242, 0.1976490258300065, 0.09010324021170056, 0.14750443976735456, 0.4930575160539971, 0.7782005371530887, 0.5953349054220765]
Accuracy: 0.27
[I 2026-04-29 21:19:54,224] Trial 17 finished with value: 0.2727272727272727 and parameters: {'blur_kernel': 13, 'min_value': 30, 'max_value': 110, 'closing_kernel': 29}. Best is trial 3 with value: 0.5454545454545454.
IoU scores: [0.47674831380901667, 0.15997534047165443, 0.89379604250708, 0.27520431146421165, 0.07590120752200981, 0.2250778816199377, 0.442962136704468, 0.4940382063999913, 0.48958164399195125, 0.6740459900814058, 0.7228025512578358, 0.47674831380901667, 0.15997534047165443, 0.8990229199486418, 0.27520431146421165, 0.07590120752200981, 0.22578567370050354, 0.4449352419904567, 0.49493682570192155, 0.4896042937613773, 0.6729845003332461, 0.7228025512578358]
Accuracy: 0.27
[I 2026-04-29 21:20:02,510] Trial 18 finished with value: 0.2727272727272727 and parameters: {'blur_kernel': 25, 'min_value': 60, 'max_value': 140, 'closing_kernel': 35}. Best is trial 3 with value: 0.5454545454545454.
IoU scores: [0.8188272017295617, 0.08930424201020473, 0.9318729993633829, 0.14726453404229398, 0.07585727646794242, 0.3480842075480442, 0.15566710045237653, 0.22312830226298475, 0.7564725030928405, 0.18065191914991585, 0.2965672990063234, 0.8203296369620929, 0.08930424201020473, 0.9372954555643559, 0.14726453404229398, 0.07585727646794242, 0.3480842075480442, 0.15566710045237653, 0.22312830226298475, 0.7610733222644743, 0.18065191914991585, 0.2965672990063234]
Accuracy: 0.27
[I 2026-04-29 21:20:10,676] Trial 19 finished with value: 0.09090909090909091 and parameters: {'blur_kernel': 33, 'min_value': 20, 'max_value': 120, 'closing_kernel': 21}. Best is trial 3 with value: 0.5454545454545454.
IoU scores: [0.4708068493828742, 0.1521904207580264, 0.15294839328688048, 0.6087161465618665, 0.07590120752200981, 0.05909206685083956, 0.06918795891180686, 0.4668455641270588, 0.17167670688797448, 0.32588906420682123, 0.246582354712436, 0.4708068493828742, 0.1521904207580264, 0.15294839328688048, 0.6087161465618665, 0.07590120752200981, 0.05909206685083956, 0.06918795891180686, 0.4668455641270588, 0.17167670688797448, 0.32882439744220365, 0.246582354712436]
Accuracy: 0.09
[I 2026-04-29 21:20:18,941] Trial 20 finished with value: 0.2727272727272727 and parameters: {'blur_kernel': 17, 'min_value': 70, 'max_value': 150, 'closing_kernel': 13}. Best is trial 3 with value: 0.5454545454545454.
IoU scores: [0.48440848715141904, 0.12817137252327807, 0.9380292990223754, 0.6021602679674136, 0.08635432969282007, 0.06775700934579439, 0.10149346222965855, 0.22326295891750084, 0.368125861019447, 0.5891821737862072, 0.3081465057074813, 0.48440848715141904, 0.12817137252327807, 0.9329174227334252, 0.6021602679674136, 0.08635432969282007, 0.06775700934579439, 0.10172894590072504, 0.22326295891750084, 0.368125861019447, 0.5885103583086859, 0.3081465057074813]
Accuracy: 0.27
[I 2026-04-29 21:20:27,160] Trial 21 finished with value: 0.36363636363636365 and parameters: {'blur_kernel': 27, 'min_value': 60, 'max_value': 160, 'closing_kernel': 29}. Best is trial 3 with value: 0.5454545454545454.
IoU scores: [0.8228785321526848, 0.08925255337951911, 0.9168922529974904, 0.09831214293051813, 0.07585727646794242, 0.8217462228609158, 0.23424428332403793, 0.18676555771197867, 0.8345358515479475, 0.11568674617770225, 0.33889573239166737, 0.8228785321526848, 0.08925255337951911, 0.9144274888765295, 0.09831214293051813, 0.07585727646794242, 0.8217462228609158, 0.23372374047220673, 0.18676555771197867, 0.8331116786517119, 0.11568674617770225, 0.33889573239166737]
Accuracy: 0.36
[I 2026-04-29 21:20:35,349] Trial 22 finished with value: 0.45454545454545453 and parameters: {'blur_kernel': 23, 'min_value': 50, 'max_value': 170, 'closing_kernel': 31}. Best is trial 3 with value: 0.5454545454545454.
IoU scores: [0.9397928165269946, 0.19003389094947987, 0.9114808911680122, 0.0771641010860693, 0.07585727646794242, 0.8237157300778218, 0.03638542911439716, 0.14787268940893739, 0.8294620228796792, 0.07707764001991513, 0.9308674912669536, 0.9420500442128911, 0.19003389094947987, 0.9066066618034774, 0.0771641010860693, 0.07585727646794242, 0.8271096093909295, 0.03638542911439716, 0.14787268940893739, 0.8294620228796792, 0.07707764001991513, 0.9270751921008442]
Accuracy: 0.45
[I 2026-04-29 21:20:43,602] Trial 23 finished with value: 0.45454545454545453 and parameters: {'blur_kernel': 31, 'min_value': 60, 'max_value': 170, 'closing_kernel': 33}. Best is trial 3 with value: 0.5454545454545454.
IoU scores: [0.9388918962553539, 0.16779617844614747, 0.8945878392164864, 0.08980475742371415, 0.07585727646794242, 0.8210672310490869, 0.03642119633260941, 0.1483665586749845, 0.8228272272132924, 0.08144822049376535, 0.9784703402589582, 0.9405889231171021, 0.16779617844614747, 0.8922212047212047, 0.08980475742371415, 0.07585727646794242, 0.8274162595952547, 0.03642119633260941, 0.1483665586749845, 0.8228272272132924, 0.08144822049376535, 0.9764528756398675]
Accuracy: 0.45
[I 2026-04-29 21:20:51,787] Trial 24 finished with value: 0.2727272727272727 and parameters: {'blur_kernel': 29, 'min_value': 70, 'max_value': 160, 'closing_kernel': 27}. Best is trial 3 with value: 0.5454545454545454.
IoU scores: [0.8235261403574524, 0.08925255337951911, 0.9144274888765295, 0.13818479989319843, 0.08648059550853818, 0.35820975270922084, 0.23157464212678935, 0.1868296062571474, 0.5860518473349847, 0.11590238022608743, 0.3068654019873532, 0.8250289252851121, 0.08925255337951911, 0.9095375023049972, 0.13818479989319843, 0.08648059550853818, 0.3571740841129667, 0.22935861684327943, 0.1868296062571474, 0.5865403730973733, 0.11590238022608743, 0.3068654019873532]
Accuracy: 0.27
[I 2026-04-29 21:20:59,867] Trial 25 finished with value: 0.36363636363636365 and parameters: {'blur_kernel': 15, 'min_value': 40, 'max_value': 160, 'closing_kernel': 33}. Best is trial 3 with value: 0.5454545454545454.
IoU scores: [0.8210466574339745, 0.16601600211841422, 0.9344528710725893, 0.07923957501938822, 0.07590120752200981, 0.8086890058371347, 0.03930122944601571, 0.17900639533889165, 0.4721423436376707, 0.12944093542830298, 0.9234650967199327, 0.9417846858528535, 0.16646469401603153, 0.9293743228602384, 0.07923957501938822, 0.07590120752200981, 0.8109340960262885, 0.03930122944601571, 0.17900639533889165, 0.4721423436376707, 0.12944093542830298, 0.930049107490841]
Accuracy: 0.36
[I 2026-04-29 21:21:07,993] Trial 26 finished with value: 0.45454545454545453 and parameters: {'blur_kernel': 11, 'min_value': 80, 'max_value': 150, 'closing_kernel': 27}. Best is trial 3 with value: 0.5454545454545454.
IoU scores: [0.6918936719050145, 0.10718955209882991, 0.9389150394644998, 0.08596031640051215, 0.09122335365223028, 0.6143734742602677, 0.4286420773892384, 0.19142232911278734, 0.971541852827174, 0.15927669641393202, 0.9719152351727075, 0.692771555156092, 0.10718955209882991, 0.9390477890321717, 0.08596031640051215, 0.09122335365223028, 0.6161364900061456, 0.4286420773892384, 0.19142232911278734, 0.9734679627277246, 0.16014547839437165, 0.9758960162495086]
Accuracy: 0.45
[I 2026-04-29 21:21:16,194] Trial 27 finished with value: 0.18181818181818182 and parameters: {'blur_kernel': 19, 'min_value': 20, 'max_value': 130, 'closing_kernel': 23}. Best is trial 3 with value: 0.5454545454545454.
IoU scores: [0.47963574341861326, 0.1283085030930248, 0.5492286393017645, 0.383650340252297, 0.07585727646794242, 0.18453794653765332, 0.1645262440354465, 0.4967574016876906, 0.43849746241751103, 0.6873300498484956, 0.29084339328241765, 0.47963574341861326, 0.1283085030930248, 0.9025214789304787, 0.383650340252297, 0.07585727646794242, 0.18453794653765332, 0.16636301666976513, 0.4972073086248701, 0.43794058408862035, 0.6862611073137389, 0.29084339328241765]
Accuracy: 0.18
[I 2026-04-29 21:21:24,305] Trial 28 finished with value: 0.45454545454545453 and parameters: {'blur_kernel': 7, 'min_value': 50, 'max_value': 160, 'closing_kernel': 29}. Best is trial 3 with value: 0.5454545454545454.
IoU scores: [0.8173247664970303, 0.1657475225403317, 0.9399328107502799, 0.0813247406329092, 0.07585727646794242, 0.6113617058668463, 0.03810722380770775, 0.15165890336250906, 0.8390196038349108, 0.15869112032417493, 0.9217517096265123, 0.8188272017295617, 0.16563741295141451, 0.9416275906503919, 0.0813247406329092, 0.07585727646794242, 0.6148938247498169, 0.03810722380770775, 0.15165890336250906, 0.8406911260182406, 0.15926817894353557, 0.9223618478652726]
Accuracy: 0.45
[I 2026-04-29 21:21:32,508] Trial 29 finished with value: 0.2727272727272727 and parameters: {'blur_kernel': 17, 'min_value': 30, 'max_value': 110, 'closing_kernel': 33}. Best is trial 3 with value: 0.5454545454545454.
IoU scores: [0.8140928419344409, 0.1600240349006787, 0.5355595128390327, 0.2672600031247138, 0.07590120752200981, 0.1739503606797897, 0.4066406395240751, 0.4924332752453453, 0.43053345027667, 0.6757846187260845, 0.14816183515370507, 0.8155948582479731, 0.1600240349006787, 0.5397439130312964, 0.2672600031247138, 0.07590120752200981, 0.1739503606797897, 0.40936977133296154, 0.49333330115329244, 0.43475645336910684, 0.6740459900814058, 0.14816183515370507]
Accuracy: 0.27
[I 2026-04-29 21:21:40,788] Trial 30 finished with value: 0.18181818181818182 and parameters: {'blur_kernel': 23, 'min_value': 60, 'max_value': 140, 'closing_kernel': 15}. Best is trial 3 with value: 0.5454545454545454.
IoU scores: [0.4812184650621012, 0.1282594780118051, 0.551790766044783, 0.38676917873747074, 0.07585727646794242, 0.18502132845825717, 0.09053479581086943, 0.22351825036201128, 0.35644661985444054, 0.6637047163362952, 0.1574252005146314, 0.4812184650621012, 0.1282594780118051, 0.5509096447262759, 0.38676917873747074, 0.07585727646794242, 0.18502132845825717, 0.09053479581086943, 0.22351825036201128, 0.35644661985444054, 0.6647385243056665, 0.1574252005146314]
Accuracy: 0.18
