[I 2026-04-29 21:21:48,942] Trial 31 finished with value: 0.45454545454545453 and parameters: {'blur_kernel': 9, 'min_value': 40, 'max_value': 170, 'closing_kernel': 35}. Best is trial 3 with value: 0.5454545454545454.
IoU scores: [0.9390725707611783, 0.27499664400527396, 0.9380292990223754, 0.09838664724709606, 0.22491304935767412, 0.8173484977083687, 0.03512024961216447, 0.14534135878996923, 0.47282217422606193, 0.7296777931382615, 0.9289411837387157, 0.9407911179467461, 0.27573588229561075, 0.9354663774403471, 0.09838664724709606, 0.22298742393509127, 0.8188370466156488, 0.03512024961216447, 0.14534135878996923, 0.47282217422606193, 0.7306357652106248, 0.9271690943635212]
Accuracy: 0.45
[I 2026-04-29 21:21:57,018] Trial 32 finished with value: 0.45454545454545453 and parameters: {'blur_kernel': 11, 'min_value': 40, 'max_value': 170, 'closing_kernel': 33}. Best is trial 3 with value: 0.5454545454545454.
IoU scores: [0.9379038382754233, 0.27499664400527396, 0.9293743228602384, 0.09836223974343763, 0.2209947261663286, 0.8093943380597378, 0.035341618854395705, 0.14588972230958383, 0.47151864173061964, 0.7305374857932642, 0.9265679460473941, 0.9401573725295719, 0.27573588229561075, 0.9293743228602384, 0.09836223974343763, 0.2183367139959432, 0.8116433517026989, 0.035341618854395705, 0.14588972230958383, 0.47151864173061964, 0.7305374857932642, 0.9271690943635212]
Accuracy: 0.45
[I 2026-04-29 21:22:05,092] Trial 33 finished with value: 0.36363636363636365 and parameters: {'blur_kernel': 15, 'min_value': 50, 'max_value': 160, 'closing_kernel': 31}. Best is trial 3 with value: 0.5454545454545454.
IoU scores: [0.8210466574339745, 0.1628089583911821, 0.9344528710725893, 0.07923957501938822, 0.07585727646794242, 0.6194584698681962, 0.03930122944601571, 0.1802167157941918, 0.4721423436376707, 0.12944093542830298, 0.9234650967199327, 0.8216320076176226, 0.16346544612663041, 0.9293743228602384, 0.07923957501938822, 0.07585727646794242, 0.6194584698681962, 0.03930122944601571, 0.1802167157941918, 0.4721423436376707, 0.12944093542830298, 0.930049107490841]
Accuracy: 0.36
[I 2026-04-29 21:22:13,042] Trial 34 finished with value: 0.5454545454545454 and parameters: {'blur_kernel': 5, 'min_value': 70, 'max_value': 170, 'closing_kernel': 35}. Best is trial 3 with value: 0.5454545454545454.
IoU scores: [0.9367172263964807, 0.5152515460471335, 0.936342623579913, 0.08057909631131326, 0.4780765382014875, 0.8009167057169635, 0.03368583815383654, 0.1419278608411127, 0.467025736584026, 0.7269246094079245, 0.9205908939898478, 0.9400578248979278, 0.5152515460471335, 0.9416275906503919, 0.08057909631131326, 0.47583286004056796, 0.8054259327957514, 0.03368583815383654, 0.1419278608411127, 0.467025736584026, 0.7269246094079245, 0.9241323731226844]
Accuracy: 0.55
[I 2026-04-29 21:22:21,311] Trial 35 finished with value: 0.09090909090909091 and parameters: {'blur_kernel': 21, 'min_value': 70, 'max_value': 150, 'closing_kernel': 3}. Best is trial 3 with value: 0.5454545454545454.
IoU scores: [0.48414944517968034, 0.12817137252327807, 0.368757791074545, 0.6877832983960016, 0.08640313123545518, 0.06761006289308176, 0.09913862551899362, 0.22349723274637545, 0.11209429002985216, 0.22051304982933118, 0.16128493608168404, 0.48414944517968034, 0.12817137252327807, 0.36983919222139117, 0.6877832983960016, 0.08640313123545518, 0.06761006289308176, 0.09913862551899362, 0.22349723274637545, 0.11209429002985216, 0.22090059473237042, 0.16128493608168404]
Accuracy: 0.09
[I 2026-04-29 21:22:29,291] Trial 36 finished with value: 0.45454545454545453 and parameters: {'blur_kernel': 5, 'min_value': 70, 'max_value': 160, 'closing_kernel': 29}. Best is trial 3 with value: 0.5454545454545454.
IoU scores: [0.8166759380943936, 0.2389725691105051, 0.940952790931267, 0.08229746832551275, 0.08630978169122447, 0.6105196098532556, 0.03793037727876298, 0.15157266002821135, 0.9734600028518465, 0.14414342748330705, 0.9235271367796829, 0.8181771806276554, 0.2399600590655072, 0.9410914186056911, 0.08229746832551275, 0.08630978169122447, 0.6122832539248614, 0.03793037727876298, 0.15157266002821135, 0.977335107710222, 0.14414342748330705, 0.9241323731226844]
Accuracy: 0.45
[I 2026-04-29 21:22:37,560] Trial 37 finished with value: 0.36363636363636365 and parameters: {'blur_kernel': 19, 'min_value': 80, 'max_value': 140, 'closing_kernel': 31}. Best is trial 3 with value: 0.5454545454545454.
IoU scores: [0.8188272017295617, 0.12821705013287296, 0.9402637633918942, 0.14700387084775052, 0.09147184997419244, 0.6117665995190736, 0.23252897068847989, 0.22250720747589223, 0.5824464072449516, 0.1902632987876778, 0.2952834578850839, 0.8194073097330923, 0.12821705013287296, 0.942999406805558, 0.14700387084775052, 0.09147184997419244, 0.6117665995190736, 0.23304455598934126, 0.22250720747589223, 0.5824464072449516, 0.1902632987876778, 0.2952834578850839]
Accuracy: 0.36
[I 2026-04-29 21:22:45,494] Trial 38 finished with value: 0.6363636363636364 and parameters: {'blur_kernel': 5, 'min_value': 60, 'max_value': 170, 'closing_kernel': 33}. Best is trial 38 with value: 0.6363636363636364.
IoU scores: [0.9367172263964807, 0.5152515460471335, 0.936342623579913, 0.08057909631131326, 0.4780765382014875, 0.8009167057169635, 0.03368583815383654, 0.14201263525975955, 0.8365243229996324, 0.7865452397670193, 0.9205908939898478, 0.9400578248979278, 0.5152515460471335, 0.9416275906503919, 0.08057909631131326, 0.47583286004056796, 0.8054259327957514, 0.03368583815383654, 0.14201263525975955, 0.8398613394324923, 0.7865452397670193, 0.9241323731226844]
Accuracy: 0.64
[I 2026-04-29 21:22:53,495] Trial 39 finished with value: 0.45454545454545453 and parameters: {'blur_kernel': 5, 'min_value': 70, 'max_value': 150, 'closing_kernel': 33}. Best is trial 38 with value: 0.6363636363636364.
IoU scores: [0.8166759380943936, 0.23763752682497155, 0.940813396125172, 0.08246834835767841, 0.08630978169122447, 0.6908310308805296, 0.034006328628966485, 0.19006669006669008, 0.8380594786022102, 0.15694716826049832, 0.9204907633753133, 0.8172530109929678, 0.23796485124208583, 0.9435449784617783, 0.08246834835767841, 0.08630978169122447, 0.6928037255437967, 0.034006328628966485, 0.19006669006669008, 0.8397324636182265, 0.15839300886029858, 0.9240363396374286]
Accuracy: 0.45
[I 2026-04-29 21:23:01,412] Trial 40 finished with value: 0.45454545454545453 and parameters: {'blur_kernel': 3, 'min_value': 80, 'max_value': 170, 'closing_kernel': 35}. Best is trial 38 with value: 0.6363636363636364.
IoU scores: [0.9344748469817097, 0.2436452171098725, 0.9375, 0.08122616390942776, 0.4803559952692376, 0.8009167057169635, 0.03352784762313178, 0.14136331087754422, 0.4683106960950764, 0.724884346236712, 0.9205908939898478, 0.9384346225341585, 0.2419626224938075, 0.9375, 0.08122616390942776, 0.4764776200135227, 0.8054259327957514, 0.03352784762313178, 0.14136331087754422, 0.4683106960950764, 0.724884346236712, 0.9240516736380173]
Accuracy: 0.45
[I 2026-04-29 21:23:09,644] Trial 41 finished with value: 0.2727272727272727 and parameters: {'blur_kernel': 5, 'min_value': 60, 'max_value': 170, 'closing_kernel': 7}. Best is trial 38 with value: 0.6363636363636364.
IoU scores: [0.4873703488028627, 0.08925255337951911, 0.22292363499316908, 0.6959851744584754, 0.09378723952462237, 0.041079219898056504, 0.058856045113713826, 0.1481192123698859, 0.11385608153157444, 0.7540772876998474, 0.5823529411764706, 0.4873703488028627, 0.08925255337951911, 0.4399379741311271, 0.5248468467211126, 0.09378723952462237, 0.041079219898056504, 0.058856045113713826, 0.1481192123698859, 0.11385608153157444, 0.7540772876998474, 0.5823529411764706]
Accuracy: 0.27
[I 2026-04-29 21:23:17,770] Trial 42 finished with value: 0.36363636363636365 and parameters: {'blur_kernel': 9, 'min_value': 60, 'max_value': 160, 'closing_kernel': 33}. Best is trial 38 with value: 0.6363636363636364.
IoU scores: [0.8194772038836838, 0.2569941194891323, 0.936342623579913, 0.08065439771418927, 0.07585727646794242, 0.8047267442427553, 0.039060178880548545, 0.15183868035318823, 0.47344842876146065, 0.13493007703218693, 0.9217517096265123, 0.8188272017295617, 0.2569941194891323, 0.9416275906503919, 0.08065439771418927, 0.07585727646794242, 0.8069773736457472, 0.039060178880548545, 0.15183868035318823, 0.47344842876146065, 0.13493007703218693, 0.9235271367796829]
Accuracy: 0.36
[I 2026-04-29 21:23:25,815] Trial 43 finished with value: 0.45454545454545453 and parameters: {'blur_kernel': 13, 'min_value': 70, 'max_value': 170, 'closing_kernel': 31}. Best is trial 38 with value: 0.6363636363636364.
IoU scores: [0.8198138636016884, 0.2753662631504423, 0.9298917446056411, 0.07918990797085203, 0.11267180527383368, 0.8118079474228687, 0.03571978951943784, 0.1476349516612395, 0.4708965854750384, 0.7838119933832456, 0.9312105082153178, 0.8213153541943655, 0.27573588229561075, 0.9273648648648649, 0.07918990797085203, 0.09169655172413793, 0.8118079474228687, 0.03571978951943784, 0.1476349516612395, 0.4708965854750384, 0.7838119933832456, 0.9349489795918368]
Accuracy: 0.45
[I 2026-04-29 21:23:33,679] Trial 44 finished with value: 0.36363636363636365 and parameters: {'blur_kernel': 3, 'min_value': 70, 'max_value': 160, 'closing_kernel': 35}. Best is trial 38 with value: 0.6363636363636364.
IoU scores: [0.8154517472476029, 0.27468127244608803, 0.9382286821241943, 0.0823623479099179, 0.2506125760649087, 0.7978004705606702, 0.037787718046941796, 0.14766787958981145, 0.47539043537457953, 0.08420689472147767, 0.9204907633753133, 0.9383287079864323, 0.27468127244608803, 0.940952790931267, 0.0823623479099179, 0.24929817444219066, 0.8023049212656078, 0.037787718046941796, 0.14766787958981145, 0.47539043537457953, 0.08420689472147767, 0.9228681701498763]
Accuracy: 0.36
[I 2026-04-29 21:23:41,794] Trial 45 finished with value: 0.2727272727272727 and parameters: {'blur_kernel': 9, 'min_value': 50, 'max_value': 130, 'closing_kernel': 25}. Best is trial 38 with value: 0.6363636363636364.
IoU scores: [0.4822705104222341, 0.1283085030930248, 0.940110855752332, 0.26356250862558817, 0.07585727646794242, 0.22492603695213464, 0.04418184648488998, 0.4953036149471974, 0.4915600029631587, 0.6732709002753272, 0.7584134023158413, 0.4822705104222341, 0.1283085030930248, 0.9454586534116584, 0.26356250862558817, 0.07585727646794242, 0.22562893081761007, 0.04418184648488998, 0.4957583176692297, 0.4920614919354839, 0.6792682641182395, 0.7615668883961567]
Accuracy: 0.27
[I 2026-04-29 21:23:49,836] Trial 46 finished with value: 0.5454545454545454 and parameters: {'blur_kernel': 13, 'min_value': 60, 'max_value': 170, 'closing_kernel': 29}. Best is trial 38 with value: 0.6363636363636364.
IoU scores: [0.8198138636016884, 0.24097513253880543, 0.9298917446056411, 0.07918990797085203, 0.11267180527383368, 0.6194584698681962, 0.03609935046151419, 0.14754526579552155, 0.8354565671427243, 0.7827957321628207, 0.9312105082153178, 0.8213153541943655, 0.24230281921945998, 0.9273648648648649, 0.07918990797085203, 0.09169655172413793, 0.6194584698681962, 0.03609935046151419, 0.14754526579552155, 0.8340319925716456, 0.7827957321628207, 0.9349489795918368]
Accuracy: 0.55
[I 2026-04-29 21:23:57,857] Trial 47 finished with value: 0.2727272727272727 and parameters: {'blur_kernel': 11, 'min_value': 60, 'max_value': 90, 'closing_kernel': 29}. Best is trial 38 with value: 0.6363636363636364.
IoU scores: [0.24895916565036377, 0.15897080618083123, 0.8869205247618178, 0.3919699573449535, 0.07590120752200981, 0.18843214292695323, 0.4128846749705645, 0.2739180293688381, 0.48952426515076897, 0.63411289481137, 0.684287317620651, 0.24941681117545636, 0.15897080618083123, 0.8921377043192402, 0.3919699573449535, 0.07590120752200981, 0.18843214292695323, 0.4147487141352172, 0.2739180293688381, 0.4895549755550518, 0.6361485702361256, 0.684287317620651]
Accuracy: 0.27
[I 2026-04-29 21:24:05,907] Trial 48 finished with value: 0.2727272727272727 and parameters: {'blur_kernel': 13, 'min_value': 30, 'max_value': 120, 'closing_kernel': 27}. Best is trial 38 with value: 0.6363636363636364.
IoU scores: [0.4791028148148148, 0.12835427851332198, 0.9390450481461687, 0.26649154768461636, 0.07590120752200981, 0.22578567370050354, 0.23356014129020264, 0.49494336021170104, 0.4896229481715768, 0.6775253767383624, 0.7338862883578331, 0.4791028148148148, 0.12835427851332198, 0.9417988459413188, 0.26649154768461636, 0.07590120752200981, 0.22649346578106938, 0.23407572659106402, 0.49539206046233636, 0.4891410675044876, 0.6785889958541212, 0.7338862883578331]
Accuracy: 0.27
[I 2026-04-29 21:24:13,910] Trial 49 finished with value: 0.2727272727272727 and parameters: {'blur_kernel': 7, 'min_value': 50, 'max_value': 170, 'closing_kernel': 23}. Best is trial 38 with value: 0.6363636363636364.
IoU scores: [0.487893278361664, 0.16708568928224413, 0.9390477890321717, 0.0813051845997448, 0.15887707910750506, 0.22932463410333276, 0.03412262546059104, 0.14750443976735456, 0.4925698387395294, 0.7858111439842209, 0.780195212388898, 0.487893278361664, 0.16697379517131525, 0.9339303623889446, 0.0813051845997448, 0.15717106152805949, 0.23003242618389858, 0.03412262546059104, 0.14750443976735456, 0.4930575160539971, 0.7858111439842209, 0.7814885391982352]
Accuracy: 0.27
[I 2026-04-29 21:24:22,092] Trial 50 finished with value: 0.09090909090909091 and parameters: {'blur_kernel': 17, 'min_value': 80, 'max_value': 100, 'closing_kernel': 31}. Best is trial 38 with value: 0.6363636363636364.
IoU scores: [0.24828630304049792, 0.09447797245038736, 0.4512177181829848, 0.3840721676477746, 0.09141717463051391, 0.05451713395638629, 0.400609778769288, 0.48999326527804266, 0.3383352806205042, 0.6388518024032043, 0.14511784511784512, 0.24930271890175754, 0.09447797245038736, 0.44884218829229816, 0.3840721676477746, 0.09141717463051391, 0.05451713395638629, 0.40331660159881016, 0.49044279647848354, 0.3383352806205042, 0.6381842456608812, 0.14511784511784512]
Accuracy: 0.09
[I 2026-04-29 21:24:30,138] Trial 51 finished with value: 0.45454545454545453 and parameters: {'blur_kernel': 15, 'min_value': 60, 'max_value': 170, 'closing_kernel': 31}. Best is trial 38 with value: 0.6363636363636364.
IoU scores: [0.8226121660204826, 0.27468127244608803, 0.924851680949242, 0.07857474168005041, 0.07585727646794242, 0.8140553803014371, 0.03614162038990299, 0.1475861144294627, 0.47022049561793133, 0.7810812159420764, 0.9301886207270866, 0.9408866050312792, 0.2750499721406465, 0.9223520818115413, 0.07857474168005041, 0.07585727646794242, 0.8163027365951139, 0.03614162038990299, 0.1475861144294627, 0.47022049561793133, 0.7801701735122726, 0.9325771945444458]
Accuracy: 0.45
[I 2026-04-29 21:24:38,053] Trial 52 finished with value: 0.45454545454545453 and parameters: {'blur_kernel': 5, 'min_value': 70, 'max_value': 160, 'closing_kernel': 33}. Best is trial 38 with value: 0.6363636363636364.
IoU scores: [0.8166759380943936, 0.2389725691105051, 0.940952790931267, 0.0815472410185181, 0.2142312373225152, 0.8009167057169635, 0.03793037727876298, 0.15157266002821135, 0.838786908688804, 0.14414342748330705, 0.9235271367796829, 0.8181771806276554, 0.2399600590655072, 0.9410914186056911, 0.0815472410185181, 0.12462474645030426, 0.8031713412669745, 0.03793037727876298, 0.15157266002821135, 0.842135708618086, 0.14414342748330705, 0.9241323731226844]
Accuracy: 0.45
[I 2026-04-29 21:24:46,224] Trial 53 finished with value: 0.45454545454545453 and parameters: {'blur_kernel': 21, 'min_value': 60, 'max_value': 170, 'closing_kernel': 35}. Best is trial 38 with value: 0.6363636363636364.
IoU scores: [0.940977270987985, 0.3319072493913537, 0.9159052860943715, 0.07716225457045817, 0.07590120752200981, 0.8242221572639579, 0.03658176860630848, 0.14783960227346746, 0.7830002894658169, 0.08131751785522018, 0.9308674912669536, 0.9426876194257043, 0.26620761562551143, 0.9075815076763843, 0.0771833664252356, 0.07590120752200981, 0.8242221572639579, 0.03658176860630848, 0.14783960227346746, 0.7830002894658169, 0.08131751785522018, 0.9308674912669536]
Accuracy: 0.45
[I 2026-04-29 21:24:54,435] Trial 54 finished with value: 0.4090909090909091 and parameters: {'blur_kernel': 35, 'min_value': 70, 'max_value': 170, 'closing_kernel': 29}. Best is trial 38 with value: 0.6363636363636364.
IoU scores: [0.9396055948133146, 0.1676937776793042, 0.8889173610270245, 0.08985676585108707, 0.08642755269708194, 0.5825202296283234, 0.14158765569808515, 0.1524463823328751, 0.7571249532329261, 0.0968989669861767, 0.9710985190659988, 0.9402429320712787, 0.1676937776793042, 0.8889173610270245, 0.08985676585108707, 0.08642755269708194, 0.3636541859283104, 0.3774976761479829, 0.1524463823328751, 0.7583106903464419, 0.0968989669861767, 0.9710985190659988]
Accuracy: 0.41
[I 2026-04-29 21:25:02,536] Trial 55 finished with value: 0.45454545454545453 and parameters: {'blur_kernel': 13, 'min_value': 60, 'max_value': 160, 'closing_kernel': 25}. Best is trial 38 with value: 0.6363636363636364.
IoU scores: [0.6935959307070347, 0.11684930020614083, 0.9370130159248431, 0.08065439771418927, 0.07585727646794242, 0.6182243924309099, 0.4281617249268353, 0.18549331891902843, 0.8833001642504341, 0.16220457686271755, 0.7700309326325586, 0.6935959307070347, 0.11684930020614083, 0.9344528710725893, 0.08065439771418927, 0.07585727646794242, 0.6199867450269485, 0.4281617249268353, 0.18549331891902843, 0.8826555676855895, 0.16279015295247465, 0.7732063179217651]
Accuracy: 0.45
[I 2026-04-29 21:25:10,799] Trial 56 finished with value: 0.45454545454545453 and parameters: {'blur_kernel': 25, 'min_value': 10, 'max_value': 170, 'closing_kernel': 27}. Best is trial 38 with value: 0.6363636363636364.
IoU scores: [0.8250845599862869, 0.1920778296552244, 0.8984272720028232, 0.09846927156035105, 0.07585727646794242, 0.8263754492673486, 0.18944002110017638, 0.15191822323146745, 0.8294620228796792, 0.07707764001991513, 0.9766634942216179, 0.8256776917255236, 0.19062050043857795, 0.8960504802779481, 0.09846927156035105, 0.07585727646794242, 0.8263754492673486, 0.24743136890376155, 0.15191822323146745, 0.8294620228796792, 0.07707764001991513, 0.9766634942216179]
Accuracy: 0.45
[I 2026-04-29 21:25:18,839] Trial 57 finished with value: 0.18181818181818182 and parameters: {'blur_kernel': 9, 'min_value': 70, 'max_value': 150, 'closing_kernel': 19}. Best is trial 38 with value: 0.6363636363636364.
IoU scores: [0.4852111560288455, 0.08925255337951911, 0.9436768345908716, 0.3802194064121099, 0.08628123065526971, 0.19506678365993954, 0.4191605762026605, 0.22145267094757048, 0.39563494054487985, 0.6774263611450035, 0.3127207029646054, 0.4852111560288455, 0.08925255337951911, 0.9436768345908716, 0.3802194064121099, 0.08628123065526971, 0.19506678365993954, 0.4179409679114024, 0.22145267094757048, 0.39563494054487985, 0.6851921647789823, 0.3140237058936246]
Accuracy: 0.18
[I 2026-04-29 21:25:26,904] Trial 58 finished with value: 0.5454545454545454 and parameters: {'blur_kernel': 11, 'min_value': 50, 'max_value': 130, 'closing_kernel': 33}. Best is trial 38 with value: 0.6363636363636364.
IoU scores: [0.8184826201579852, 0.1496792036822158, 0.940110855752332, 0.09302141540694102, 0.07585727646794242, 0.6066629045221466, 0.03472610171930894, 0.5011091428480234, 0.8380594786022102, 0.19155361709018365, 0.9212275813351124, 0.8178298445712002, 0.1496792036822158, 0.945597216923174, 0.09302141540694102, 0.07585727646794242, 0.6079162679892992, 0.03472610171930894, 0.5008595785406661, 0.8397324636182265, 0.19155361709018365, 0.932159246911159]
Accuracy: 0.55
[I 2026-04-29 21:25:34,945] Trial 59 finished with value: 0.5454545454545454 and parameters: {'blur_kernel': 11, 'min_value': 50, 'max_value': 130, 'closing_kernel': 33}. Best is trial 38 with value: 0.6363636363636364.
IoU scores: [0.8184826201579852, 0.1496792036822158, 0.940110855752332, 0.09302141540694102, 0.07585727646794242, 0.6066629045221466, 0.03472610171930894, 0.5011091428480234, 0.8380594786022102, 0.19155361709018365, 0.9212275813351124, 0.8178298445712002, 0.1496792036822158, 0.945597216923174, 0.09302141540694102, 0.07585727646794242, 0.6079162679892992, 0.03472610171930894, 0.5008595785406661, 0.8397324636182265, 0.19155361709018365, 0.932159246911159]
Accuracy: 0.55
[I 2026-04-29 21:25:43,011] Trial 60 finished with value: 0.36363636363636365 and parameters: {'blur_kernel': 15, 'min_value': 50, 'max_value': 120, 'closing_kernel': 35}. Best is trial 38 with value: 0.6363636363636364.
IoU scores: [0.8163264808863268, 0.12835427851332198, 0.9317103680829592, 0.14821790415918928, 0.07585727646794242, 0.6040631458599006, 0.22917518745739604, 0.49513934832199963, 0.8379201333677935, 0.15607838628005868, 0.2243792942979935, 0.8178298445712002, 0.12835427851332198, 0.9317103680829592, 0.14821790415918928, 0.07585727646794242, 0.6040631458599006, 0.22917518745739604, 0.4955886579433982, 0.8395976462614375, 0.15693439205490362, 0.2243792942979935]
Accuracy: 0.36
[I 2026-04-29 21:25:51,074] Trial 61 finished with value: 0.5454545454545454 and parameters: {'blur_kernel': 11, 'min_value': 50, 'max_value': 130, 'closing_kernel': 33}. Best is trial 38 with value: 0.6363636363636364.
IoU scores: [0.8184826201579852, 0.1496792036822158, 0.940110855752332, 0.09302141540694102, 0.07585727646794242, 0.6066629045221466, 0.03472610171930894, 0.5011091428480234, 0.8380594786022102, 0.19155361709018365, 0.9212275813351124, 0.8178298445712002, 0.1496792036822158, 0.945597216923174, 0.09302141540694102, 0.07585727646794242, 0.6079162679892992, 0.03472610171930894, 0.5008595785406661, 0.8397324636182265, 0.19155361709018365, 0.932159246911159]
Accuracy: 0.55
